
> rtds@0.0.0 build-storybook
> nx run storybook-app:build-storybook --skip-nx-cache --output-dir /var/folders/xt/r3wj39x14w30wkszgmmw1nkc0000gq/T/chromatic--44801-f8Ut3MSNaeXy


 >  NX   --skip-nx-cache disables the connection to Nx Cloud for the current run.

   The remote cache will not be read from or written to during this run.


> nx run storybook-app:build-storybook --output-dir /var/folders/xt/r3wj39x14w30wkszgmmw1nkc0000gq/T/chromatic--44801-f8Ut3MSNaeXy

 [33m>[39m [0m[7m[1m[33m NX [39m[22m[27m[0m  [33m--skip-nx-cache disables the connection to Nx Cloud for the current run.[39m
   The remote cache will not be read from or written to during this run.
[2m> [22m[2mnx run[22m icons:generate-icons --output-dir /var/folders/xt/r3wj39x14w30wkszgmmw1nkc0000gq/T/chromatic--44801-f8Ut3MSNaeXy
- Deleting the output folder
svg-to-ts: âœ” Deleting the output folder
- Processing SVG files
We are using the conversion type "files"
svg-to-ts: âœ” Processing SVG files
- Generate SVG constants
svg-to-ts: âœ” Generate SVG constants
- Export complete icon set
svg-to-ts: âœ” Export complete icon set
- Generate Type Helper
svg-to-ts: âœ” Generate Type Helper
- Generate barrel file
svg-to-ts: âœ” Generate barrel file
- Generate model file
svg-to-ts: âœ” Generate model file
- Write model file to additional output path
svg-to-ts: âœ” Write model file to additional output path
svg-to-ts: ðŸ Everything is perfect: Icons succesfully generated under ./libs/icons/src/lib
 
 [32m>[39m [0m[7m[1m[32m NX [39m[22m[27m[0m  [32mSuccessfully ran target generate-icons for project icons[39m
 [33m>[39m [0m[7m[1m[33m NX [39m[22m[27m[0m  [33m--skip-nx-cache disables the connection to Nx Cloud for the current run.[39m
   The remote cache will not be read from or written to during this run.
[2m> [22m[2mnx run[22m tokens:build --output-dir /var/folders/xt/r3wj39x14w30wkszgmmw1nkc0000gq/T/chromatic--44801-f8Ut3MSNaeXy
scss
[1m[32mâœ”ï¸Ž /Users/Ryan.Bendel/WebstormProjects/retailer-tools-design-system/libs/tokens/dist/scss/_tokens.scss[39m[22m
[1m[32mâœ”ï¸Ž /Users/Ryan.Bendel/WebstormProjects/retailer-tools-design-system/libs/tokens/dist/scss/_tokens-dark.scss[39m[22m
[1m[32mâœ”ï¸Ž /Users/Ryan.Bendel/WebstormProjects/retailer-tools-design-system/libs/tokens/dist/scss/_tokens-sass.scss[39m[22m
[1m[32mâœ”ï¸Ž /Users/Ryan.Bendel/WebstormProjects/retailer-tools-design-system/libs/tokens/dist/scss/_tokens-sass-map.scss[39m[22m
Copying tokens build output to libs/styles/src/lib/sass/tokens
js
[1m[32mâœ”ï¸Ž /Users/Ryan.Bendel/WebstormProjects/retailer-tools-design-system/libs/tokens/dist/js/tokens.js[39m[22m
object
[1m[32mâœ”ï¸Ž /Users/Ryan.Bendel/WebstormProjects/retailer-tools-design-system/libs/tokens/dist/object/tokens.js[39m[22m
ts
[1m[32mâœ”ï¸Ž /Users/Ryan.Bendel/WebstormProjects/retailer-tools-design-system/libs/tokens/dist/ts/tokens.ts[39m[22m
[1m[32mâœ”ï¸Ž /Users/Ryan.Bendel/WebstormProjects/retailer-tools-design-system/libs/tokens/dist/ts/tokens.d.ts[39m[22m
âœ… Successfully built design tokens
 
 [32m>[39m [0m[7m[1m[32m NX [39m[22m[27m[0m  [32mSuccessfully ran target build for project tokens[39m
 [33m>[39m [0m[7m[1m[33m NX [39m[22m[27m[0m  [33m--skip-nx-cache disables the connection to Nx Cloud for the current run.[39m
   The remote cache will not be read from or written to during this run.
[2m> [22m[2mnx run[22m storybook-app:storybook-build --output-dir /var/folders/xt/r3wj39x14w30wkszgmmw1nkc0000gq/T/chromatic--44801-f8Ut3MSNaeXy
[0m
[0m [0m [0m [0m [0m [0m [0m [0m [0m [0m [0m [0m [0m [0m [0m [0m [0m [0m [0m [0m [0m [0m [0m [0m [0m [0m [0m [0m [0m [0m [0m [0m [0m [0m [0m [0m [0m [0m [0m [0m [0m [0m [0m [0m [0m [0m [0m [0m [0m [0m [0m [0m [0m [0m [0m [0m [0m [0m [0m [48;5;255m [48;5;255m [0m [0m [0m [0m [0m [0m [0m [0m [0m [0m [0m [0m
[0m [0m [0m [0m [0m [0m [0m [0m [0m [0m [0m [0m [0m [0m [0m [0m [0m [0m [0m [0m [0m [0m [0m [0m [0m [0m [0m [0m [0m [0m [0m [0m [0m [0m [0m [0m [0m [0m [0m [0m [0m [0m [0m [0m [0m [0m [0m [0m [0m [0m [0m [0m [0m [0m [0m [0m [0m [0m [0m [48;5;255m [48;5;255m [0m [0m [0m [0m [0m [0m [0m [0m [0m [0m [0m [0m
[0m [0m [0m [0m [0m [0m [0m [0m [0m [0m [0m [0m [0m [0m [0m [0m [0m [0m [0m [0m [0m [0m [0m [0m [0m [0m [0m [0m [0m [0m [0m [0m [0m [0m [0m [0m [0m [0m [0m [0m [0m [0m [0m [0m [0m [0m [0m [0m [0m [0m [0m [0m [0m [0m [0m [0m [0m [0m [0m [48;5;255m [48;5;255m [0m [0m [0m [0m [0m [0m [0m [0m [0m [0m [0m [0m
[48;5;255m [48;5;255m [48;5;255m [48;5;255m [48;5;255m [48;5;255m [48;5;255m [0m [0m [48;5;255m [48;5;255m [48;5;255m [48;5;255m [48;5;255m [48;5;255m [48;5;255m [48;5;255m [0m [0m [48;5;255m [48;5;255m [48;5;255m [48;5;255m [48;5;255m [48;5;255m [48;5;255m [48;5;255m [48;5;255m [48;5;255m [48;5;255m [48;5;255m [0m [0m [48;5;255m [48;5;255m [48;5;255m [48;5;255m [48;5;255m [48;5;255m [48;5;255m [48;5;255m [0m [0m [48;5;255m [48;5;255m [48;5;255m [48;5;255m [48;5;255m [48;5;255m [48;5;255m [48;5;255m [0m [0m [48;5;255m [48;5;255m [48;5;255m [48;5;255m [48;5;255m [48;5;255m [48;5;255m [48;5;255m [0m [0m [48;5;255m [48;5;255m [48;5;255m [48;5;255m [48;5;255m [48;5;255m [48;5;255m [48;5;255m [0m [0m [48;5;255m [48;5;255m [48;5;255m [48;5;255m [48;5;255m [48;5;255m [48;5;255m [48;5;255m [0m
[48;5;255m [48;5;255m [0m [0m [0m [0m [0m [0m [0m [48;5;255m [48;5;255m [0m [0m [0m [0m [48;5;255m [48;5;255m [0m [0m [48;5;255m [48;5;255m [0m [0m [0m [48;5;255m [48;5;255m [0m [0m [0m [48;5;255m [48;5;255m [0m [0m [48;5;255m [48;5;255m [0m [0m [0m [0m [48;5;255m [48;5;255m [0m [0m [48;5;255m [48;5;255m [0m [0m [0m [0m [48;5;255m [48;5;255m [0m [0m [48;5;255m [48;5;255m [0m [0m [0m [0m [48;5;255m [48;5;255m [0m [0m [48;5;255m [48;5;255m [0m [0m [0m [0m [48;5;255m [48;5;255m [0m [0m [48;5;255m [48;5;255m [0m
[48;5;255m [48;5;255m [0m [0m [0m [0m [0m [0m [0m [48;5;255m [48;5;255m [0m [0m [0m [0m [48;5;255m [48;5;255m [0m [0m [48;5;255m [48;5;255m [0m [0m [0m [48;5;255m [48;5;255m [0m [0m [0m [48;5;255m [48;5;255m [0m [0m [48;5;255m [48;5;255m [0m [0m [0m [0m [48;5;255m [48;5;255m [0m [0m [48;5;255m [48;5;255m [0m [0m [0m [0m [48;5;255m [48;5;255m [0m [0m [48;5;255m [48;5;255m [0m [0m [0m [0m [48;5;255m [48;5;255m [0m [0m [48;5;255m [48;5;255m [0m [0m [0m [0m [48;5;255m [48;5;255m [0m [0m [48;5;255m [48;5;255m [0m
[48;5;255m [48;5;255m [0m [0m [0m [0m [0m [0m [0m [48;5;255m [48;5;255m [0m [0m [0m [0m [48;5;255m [48;5;255m [0m [0m [48;5;255m [48;5;255m [0m [0m [0m [48;5;255m [48;5;255m [0m [0m [0m [48;5;255m [48;5;255m [0m [0m [48;5;255m [48;5;255m [0m [0m [0m [0m [48;5;255m [48;5;255m [0m [0m [48;5;255m [48;5;255m [0m [0m [0m [0m [48;5;255m [48;5;255m [0m [0m [48;5;255m [48;5;255m [0m [0m [0m [0m [48;5;255m [48;5;255m [0m [0m [48;5;255m [48;5;255m [0m [0m [0m [0m [48;5;255m [48;5;255m [0m [0m [48;5;255m [48;5;255m [0m
[48;5;255m [48;5;255m [48;5;255m [48;5;255m [48;5;255m [48;5;255m [48;5;255m [0m [0m [48;5;255m [48;5;255m [48;5;255m [48;5;255m [48;5;255m [48;5;255m [48;5;255m [48;5;255m [0m [0m [48;5;255m [48;5;255m [0m [0m [0m [48;5;255m [48;5;255m [0m [0m [0m [48;5;255m [48;5;255m [0m [0m [48;5;255m [48;5;255m [48;5;255m [48;5;255m [48;5;255m [48;5;255m [48;5;255m [48;5;255m [0m [0m [48;5;255m [48;5;255m [48;5;255m [48;5;255m [48;5;255m [48;5;255m [48;5;255m [48;5;255m [0m [0m [48;5;255m [48;5;255m [48;5;255m [48;5;255m [48;5;255m [48;5;255m [48;5;255m [48;5;255m [0m [0m [48;5;255m [48;5;255m [48;5;255m [48;5;255m [48;5;255m [48;5;255m [48;5;255m [48;5;255m [0m [0m [48;5;255m [48;5;255m [48;5;255m [48;5;255m [48;5;255m [48;5;255m [48;5;255m [48;5;255m [0m
[0m [0m [0m [0m [0m [0m [0m [0m [0m [0m [0m [0m [0m [0m [0m [0m [0m [0m [0m [0m [0m [0m [0m [0m [0m [0m [0m [0m [0m [0m [0m [0m [0m [48;5;255m [48;5;255m [0m [0m [0m [0m [0m [0m [0m [0m [0m [0m [0m [0m
[0m [0m [0m [0m [0m [0m [0m [0m [0m [0m [0m [0m [0m [0m [0m [0m [0m [0m [0m [0m [0m [0m [0m [0m [0m [0m [0m [0m [0m [0m [0m [0m [0m [48;5;255m [48;5;255m [0m [0m [0m [0m [0m [0m [0m [0m [0m [0m [0m [0m
[0m [0m [0m [0m [0m [0m [0m [0m [0m [0m [0m [0m [0m [0m [0m [0m [0m [0m [0m [0m [0m [0m [0m [0m [0m [0m [0m [0m [0m [0m [0m [0m [0m [48;5;255m [48;5;255m [0m [0m [0m [0m [0m [0m [0m [0m [0m [0m [0m [0m
1.1.22
TypeScript version used by Compodoc : 5.2.2
TypeScript version of current project : 5.2.2
Node.js version : v18.16.0
Operating system : macOS Unknown
[11:58:26] No configuration file found, switching to CLI flags.
[11:58:26] Using tsconfig file : /Users/Ryan.Bendel/WebstormProjects/retailer-tools-design-system/apps/storybook-app/.storybook/tsconfig.json
[11:58:26] Excluding      : /Users/Ryan.Bendel/WebstormProjects/retailer-tools-design-system/apps/storybook-app/src/favicon.ico
[11:58:26] Excluding      : /Users/Ryan.Bendel/WebstormProjects/retailer-tools-design-system/apps/storybook-app/src/index.html
[11:58:26] Including      : /Users/Ryan.Bendel/WebstormProjects/retailer-tools-design-system/apps/storybook-app/src/main.ts
[11:58:26] Including      : /Users/Ryan.Bendel/WebstormProjects/retailer-tools-design-system/apps/storybook-app/src/polyfills.ts
[11:58:26] Excluding      : /Users/Ryan.Bendel/WebstormProjects/retailer-tools-design-system/apps/storybook-app/src/styles.scss
[11:58:26] Including      : /Users/Ryan.Bendel/WebstormProjects/retailer-tools-design-system/apps/storybook-app/src/test.ts
[11:58:26] Excluding      : /Users/Ryan.Bendel/WebstormProjects/retailer-tools-design-system/apps/storybook-app/.storybook/preview.js
[11:58:26] Including      : /Users/Ryan.Bendel/WebstormProjects/retailer-tools-design-system/libs/angular/cypress/support/commands.ts
[11:58:26] Including      : /Users/Ryan.Bendel/WebstormProjects/retailer-tools-design-system/libs/angular/cypress/support/component.ts
[11:58:26] Excluding      : /Users/Ryan.Bendel/WebstormProjects/retailer-tools-design-system/apps/storybook-app/src/app/app.component.html
[11:58:26] Excluding      : /Users/Ryan.Bendel/WebstormProjects/retailer-tools-design-system/apps/storybook-app/src/app/app.component.scss
[11:58:26] Including      : /Users/Ryan.Bendel/WebstormProjects/retailer-tools-design-system/apps/storybook-app/src/app/app.component.ts
[11:58:26] Including      : /Users/Ryan.Bendel/WebstormProjects/retailer-tools-design-system/apps/storybook-app/src/app/app.module.ts
[11:58:26] Including      : /Users/Ryan.Bendel/WebstormProjects/retailer-tools-design-system/apps/storybook-app/src/app/rtds-welcome.component.stories.ts
[11:58:26] Including      : /Users/Ryan.Bendel/WebstormProjects/retailer-tools-design-system/apps/storybook-app/src/app/rtds-welcome.component.ts
[11:58:26] Including      : /Users/Ryan.Bendel/WebstormProjects/retailer-tools-design-system/apps/storybook-app/src/environments/environment.prod.ts
[11:58:26] Including      : /Users/Ryan.Bendel/WebstormProjects/retailer-tools-design-system/apps/storybook-app/src/environments/environment.ts
[11:58:26] Excluding      : /Users/Ryan.Bendel/WebstormProjects/retailer-tools-design-system/apps/storybook-app/src/stories/icon-gallery.stories.mdx
[11:58:26] Including      : /Users/Ryan.Bendel/WebstormProjects/retailer-tools-design-system/apps/storybook-app/src/stories/icon-sets.ts
[11:58:26] Excluding      : /Users/Ryan.Bendel/WebstormProjects/retailer-tools-design-system/apps/storybook-app/src/stories/palette.stories.mdx
[11:58:26] Excluding      : /Users/Ryan.Bendel/WebstormProjects/retailer-tools-design-system/apps/storybook-app/src/stories/shadows.stories.mdx
[11:58:26] Excluding      : /Users/Ryan.Bendel/WebstormProjects/retailer-tools-design-system/apps/storybook-app/src/stories/typography.stories.mdx
[11:58:26] Including      : /Users/Ryan.Bendel/WebstormProjects/retailer-tools-design-system/libs/angular/src/lib/components/container/container.component.stories.ts
[11:58:26] Including      : /Users/Ryan.Bendel/WebstormProjects/retailer-tools-design-system/libs/angular/src/lib/components/container/container.component.ts
[11:58:26] Including      : /Users/Ryan.Bendel/WebstormProjects/retailer-tools-design-system/libs/angular/src/lib/components/icon/icon.component.stories.ts
[11:58:26] Including      : /Users/Ryan.Bendel/WebstormProjects/retailer-tools-design-system/libs/angular/src/lib/components/icon/icon.component.ts
[11:58:26] Including      : /Users/Ryan.Bendel/WebstormProjects/retailer-tools-design-system/libs/angular/src/lib/components/panel/panel.component.stories.ts
[11:58:26] Including      : /Users/Ryan.Bendel/WebstormProjects/retailer-tools-design-system/libs/angular/src/lib/components/panel/panel.component.ts
[11:58:26] Including      : /Users/Ryan.Bendel/WebstormProjects/retailer-tools-design-system/libs/angular/src/lib/components/banner/banner.component.stories.ts
[11:58:26] Including      : /Users/Ryan.Bendel/WebstormProjects/retailer-tools-design-system/libs/angular/src/lib/components/banner/banner.component.ts
[11:58:26] Including      : /Users/Ryan.Bendel/WebstormProjects/retailer-tools-design-system/libs/angular/src/lib/components/panel/components/content/panel-content.component.stories.ts
[11:58:26] Including      : /Users/Ryan.Bendel/WebstormProjects/retailer-tools-design-system/libs/angular/src/lib/components/panel/components/content/panel-content.component.ts
[11:58:26] Including      : /Users/Ryan.Bendel/WebstormProjects/retailer-tools-design-system/libs/angular/src/lib/components/panel/components/header/panel-header.component.stories.ts
[11:58:26] Including      : /Users/Ryan.Bendel/WebstormProjects/retailer-tools-design-system/libs/angular/src/lib/components/panel/components/header/panel-header.component.ts
[11:58:26] Including      : /Users/Ryan.Bendel/WebstormProjects/retailer-tools-design-system/libs/angular/src/lib/components/panel/components/footer/panel-footer.component.stories.ts
[11:58:26] Including      : /Users/Ryan.Bendel/WebstormProjects/retailer-tools-design-system/libs/angular/src/lib/components/panel/components/footer/panel-footer.component.ts
[11:58:26] Including      : /Users/Ryan.Bendel/WebstormProjects/retailer-tools-design-system/libs/angular/src/lib/components/panel/components/group/panel-group.component.stories.ts
[11:58:26] Including      : /Users/Ryan.Bendel/WebstormProjects/retailer-tools-design-system/libs/angular/src/lib/components/panel/components/group/panel-group.component.ts
[11:58:26] Including      : /Users/Ryan.Bendel/WebstormProjects/retailer-tools-design-system/libs/angular/src/lib/components/panel/components/supplementary/panel-supplementary.component.stories.ts
[11:58:26] Including      : /Users/Ryan.Bendel/WebstormProjects/retailer-tools-design-system/libs/angular/src/lib/components/panel/components/supplementary/panel-supplementary.component.ts
[11:58:26] Searching package.json file
[11:58:26] package.json file found
[11:58:26] Processing package.json dependencies
[11:58:26] Searching README.md, CHANGELOG.md, CONTRIBUTING.md, LICENSE.md, TODO.md files
[11:58:26] README.md file found
[11:58:26] Error during /Users/Ryan.Bendel/WebstormProjects/retailer-tools-design-system/CHANGELOG read
[11:58:26] Continuing without CHANGELOG.md file
[11:58:26] CONTRIBUTING.md file found
[11:58:26] Error during /Users/Ryan.Bendel/WebstormProjects/retailer-tools-design-system/LICENSE read
[11:58:26] Continuing without LICENSE.md file
[11:58:26] Error during /Users/Ryan.Bendel/WebstormProjects/retailer-tools-design-system/TODO read
[11:58:26] Continuing without TODO.md file
[11:58:26] Get dependencies data
[11:58:26] parsing        : /Users/Ryan.Bendel/WebstormProjects/retailer-tools-design-system/apps/storybook-app/src/main.ts
[11:58:26] parsing        : /Users/Ryan.Bendel/WebstormProjects/retailer-tools-design-system/apps/storybook-app/src/polyfills.ts
[11:58:26] parsing        : /Users/Ryan.Bendel/WebstormProjects/retailer-tools-design-system/apps/storybook-app/src/test.ts
[11:58:26] parsing        : /Users/Ryan.Bendel/WebstormProjects/retailer-tools-design-system/libs/angular/cypress/support/commands.ts
[11:58:26] found          : Chainable
[11:58:26] parsing        : /Users/Ryan.Bendel/WebstormProjects/retailer-tools-design-system/libs/angular/cypress/support/component.ts
[11:58:26] found          : terminalLog
[11:58:26] found          : injectAxe
[11:58:26] found          : runA11y
[11:58:26] found          : Chainable
[11:58:26] parsing        : /Users/Ryan.Bendel/WebstormProjects/retailer-tools-design-system/apps/storybook-app/src/app/app.component.ts
[11:58:26] found          : AppComponent
[11:58:26] parsing        : /Users/Ryan.Bendel/WebstormProjects/retailer-tools-design-system/apps/storybook-app/src/app/app.module.ts
[11:58:26] found          : AppModule
[11:58:26]                : - imports:
[11:58:26]                : 	- BrowserModule
[11:58:26]                : 	- ComponentsModule
[11:58:26]                : 	- CommonModule
[11:58:26]                : - declarations:
[11:58:26]                : 	- AppComponent
[11:58:26]                : 	- RTDSWelcomeComponent
[11:58:26]                : - bootstrap:
[11:58:26]                : 	- AppComponent
[11:58:26] parsing        : /Users/Ryan.Bendel/WebstormProjects/retailer-tools-design-system/apps/storybook-app/src/app/rtds-welcome.component.stories.ts
[11:58:26] found          : meta
[11:58:26] found          : Story
[11:58:26] found          : Docs
[11:58:26] parsing        : /Users/Ryan.Bendel/WebstormProjects/retailer-tools-design-system/apps/storybook-app/src/app/rtds-welcome.component.ts
[11:58:26] found          : RTDSWelcomeComponent
[11:58:26] parsing        : /Users/Ryan.Bendel/WebstormProjects/retailer-tools-design-system/apps/storybook-app/src/environments/environment.prod.ts
[11:58:26] found          : environment
[11:58:26] parsing        : /Users/Ryan.Bendel/WebstormProjects/retailer-tools-design-system/apps/storybook-app/src/environments/environment.ts
[11:58:26] found          : environment
[11:58:26] parsing        : /Users/Ryan.Bendel/WebstormProjects/retailer-tools-design-system/apps/storybook-app/src/stories/icon-sets.ts
[11:58:26] found          : actionIcons
[11:58:26] found          : chevronIcons
[11:58:26] found          : informationIcons
[11:58:26] found          : mediaIcons
[11:58:26] found          : statusIcons
[11:58:26] found          : channelIcons
[11:58:26] parsing        : /Users/Ryan.Bendel/WebstormProjects/retailer-tools-design-system/libs/angular/src/lib/components/container/container.component.stories.ts
[11:58:26] found          : meta
[11:58:26] found          : Story
[11:58:26] found          : Default
[11:58:26] parsing        : /Users/Ryan.Bendel/WebstormProjects/retailer-tools-design-system/libs/angular/src/lib/components/container/container.component.ts
[11:58:26] found          : ContainerComponent
[11:58:26] found          : Type
[11:58:26] parsing        : /Users/Ryan.Bendel/WebstormProjects/retailer-tools-design-system/libs/angular/src/lib/components/icon/icon.component.stories.ts
[11:58:26] found          : meta
[11:58:26] found          : Story
[11:58:26] found          : Default
[11:58:26] found          : Small
[11:58:26] found          : Large
[11:58:26] found          : DefaultWithoutSize
[11:58:26] parsing        : /Users/Ryan.Bendel/WebstormProjects/retailer-tools-design-system/libs/angular/src/lib/components/icon/icon.component.ts
[11:58:26] found          : IconComponent
[11:58:26] parsing        : /Users/Ryan.Bendel/WebstormProjects/retailer-tools-design-system/libs/angular/src/lib/components/panel/panel.component.stories.ts
[11:58:26] found          : meta
[11:58:26] found          : Story
[11:58:26] found          : description
[11:58:26] found          : supplementary
[11:58:26] found          : Default
[11:58:26] found          : WithHeader
[11:58:26] found          : WithActions
[11:58:26] found          : PanelFooter
[11:58:26] found          : PanelSupplementary
[11:58:26] found          : MultiplePanels
[11:58:26] parsing        : /Users/Ryan.Bendel/WebstormProjects/retailer-tools-design-system/libs/angular/src/lib/components/panel/panel.component.ts
[11:58:26] found          : PanelComponent
[11:58:26] found          : PanelVariants
[11:58:26] found          : Variant
[11:58:26] parsing        : /Users/Ryan.Bendel/WebstormProjects/retailer-tools-design-system/libs/angular/src/lib/components/banner/banner.component.stories.ts
[11:58:26] found          : meta
[11:58:26] found          : Story
[11:58:26] found          : description
[11:58:26] found          : shortDescription
[11:58:26] found          : Page
[11:58:26] found          : Global
[11:58:26] found          : InPanel
[11:58:26] found          : Local
[11:58:26] found          : Clickable
[11:58:26] parsing        : /Users/Ryan.Bendel/WebstormProjects/retailer-tools-design-system/libs/angular/src/lib/components/banner/banner.component.ts
[11:58:26] found          : BannerComponent
[11:58:26] found          : Banners
[11:58:26] found          : Banner
[11:58:26] parsing        : /Users/Ryan.Bendel/WebstormProjects/retailer-tools-design-system/libs/angular/src/lib/components/panel/components/content/panel-content.component.stories.ts
[11:58:26] found          : meta
[11:58:26] found          : Story
[11:58:26] found          : description
[11:58:26] found          : Default
[11:58:26] parsing        : /Users/Ryan.Bendel/WebstormProjects/retailer-tools-design-system/libs/angular/src/lib/components/panel/components/content/panel-content.component.ts
[11:58:26] found          : PanelContentComponent
[11:58:26] parsing        : /Users/Ryan.Bendel/WebstormProjects/retailer-tools-design-system/libs/angular/src/lib/components/panel/components/header/panel-header.component.stories.ts
[11:58:26] found          : meta
[11:58:26] found          : Story
[11:58:26] found          : Default
[11:58:26] parsing        : /Users/Ryan.Bendel/WebstormProjects/retailer-tools-design-system/libs/angular/src/lib/components/panel/components/header/panel-header.component.ts
[11:58:26] found          : PanelHeaderComponent
[11:58:26] parsing        : /Users/Ryan.Bendel/WebstormProjects/retailer-tools-design-system/libs/angular/src/lib/components/panel/components/footer/panel-footer.component.stories.ts
[11:58:26] found          : meta
[11:58:26] found          : Story
[11:58:26] found          : Default
[11:58:26] parsing        : /Users/Ryan.Bendel/WebstormProjects/retailer-tools-design-system/libs/angular/src/lib/components/panel/components/footer/panel-footer.component.ts
[11:58:26] found          : PanelFooterComponent
[11:58:26] parsing        : /Users/Ryan.Bendel/WebstormProjects/retailer-tools-design-system/libs/angular/src/lib/components/panel/components/group/panel-group.component.stories.ts
[11:58:26] found          : meta
[11:58:26] found          : Story
[11:58:26] found          : description
[11:58:26] found          : Default
[11:58:26] found          : ThreePanels
[11:58:26] parsing        : /Users/Ryan.Bendel/WebstormProjects/retailer-tools-design-system/libs/angular/src/lib/components/panel/components/group/panel-group.component.ts
[11:58:26] found          : PanelGroupComponent
[11:58:26] parsing        : /Users/Ryan.Bendel/WebstormProjects/retailer-tools-design-system/libs/angular/src/lib/components/panel/components/supplementary/panel-supplementary.component.stories.ts
[11:58:26] found          : meta
[11:58:26] found          : Story
[11:58:26] found          : description
[11:58:26] found          : supplementary
[11:58:26] found          : Default
[11:58:26] parsing        : /Users/Ryan.Bendel/WebstormProjects/retailer-tools-design-system/libs/angular/src/lib/components/panel/components/supplementary/panel-supplementary.component.ts
[11:58:26] found          : PanelSupplementaryComponent
[11:58:26] -------------------
[11:58:26] Project statistics 
[11:58:26] - files      : 30
[11:58:26] - module     : 1
[11:58:26] - component  : 11
[11:58:26] - interface  : 2
[11:58:26] -------------------
[11:58:26] Prepare components
[11:58:26]  AppComponent has a templateUrl, include it
[11:58:26]  AppComponent has styleUrls, include them
[11:58:26]  BannerComponent has a templateUrl, include it
[11:58:26]  BannerComponent has styleUrls, include them
[11:58:26]  ContainerComponent has a templateUrl, include it
[11:58:26]  ContainerComponent has styleUrls, include them
[11:58:26]  IconComponent has a templateUrl, include it
[11:58:26]  IconComponent has styleUrls, include them
[11:58:26]  PanelComponent has a templateUrl, include it
[11:58:26]  PanelComponent has styleUrls, include them
[11:58:26]  PanelContentComponent has a templateUrl, include it
[11:58:26]  PanelContentComponent has styleUrls, include them
[11:58:26]  PanelFooterComponent has a templateUrl, include it
[11:58:26]  PanelFooterComponent has styleUrls, include them
[11:58:26]  PanelGroupComponent has a templateUrl, include it
[11:58:26]  PanelGroupComponent has styleUrls, include them
[11:58:26]  PanelHeaderComponent has a templateUrl, include it
[11:58:26]  PanelHeaderComponent has styleUrls, include them
[11:58:26]  PanelSupplementaryComponent has a templateUrl, include it
[11:58:26]  PanelSupplementaryComponent has styleUrls, include them
[11:58:26] Prepare modules
[11:58:26] Prepare interfaces
[11:58:26] Prepare miscellaneous
[11:58:26] Process documentation coverage report
[11:58:26] Generating documentation in export format json
[11:58:26] Documentation generated in apps/storybook-app/ in 0.523 seconds
info => Cleaning outputDir: /var/folders/xt/r3wj39x14w30wkszgmmw1nkc0000gq/T/chromatic--44801-f8Ut3MSNaeXy
info => Loading presets
info => Building manager..
info => Manager built (1.07 s)
info => Building preview..
info => Copying static files: /Users/Ryan.Bendel/WebstormProjects/retailer-tools-design-system/node_modules/@storybook/manager/static at /var/folders/xt/r3wj39x14w30wkszgmmw1nkc0000gq/T/chromatic--44801-f8Ut3MSNaeXy/sb-common-assets
WARN No story files found for the specified pattern: apps/storybook-app/src/stories/**/*.stories.ts
info Using Babel compiler
info Addon-docs: using MDX2
info => Using implicit CSS loaders
info => Using angular browser target options from "storybook-app:build"
info => Using angular project with "tsConfig:/Users/Ryan.Bendel/WebstormProjects/retailer-tools-design-system/apps/storybook-app/.storybook/tsconfig.json"
WARN No story files found for the specified pattern: libs/angular/**/*.stories.mdx
info => Using default Webpack5 setup
<s> [webpack.Progress] 0% 
<s> [webpack.Progress] 1% setup before run
<s> [webpack.Progress] 1% setup before run NodeEnvironmentPlugin
<s> [webpack.Progress] 1% setup before run
<s> [webpack.Progress] 2% setup run
<s> [webpack.Progress] 2% setup run
<s> [webpack.Progress] 4% setup normal module factory
<s> [webpack.Progress] 4% setup normal module factory NormalModuleReplacementPlugin
<s> [webpack.Progress] 4% setup normal module factory CaseSensitivePathsPlugin
<s> [webpack.Progress] 4% setup normal module factory
<s> [webpack.Progress] 5% setup context module factory
<s> [webpack.Progress] 5% setup context module factory
<s> [webpack.Progress] 6% setup before compile
<s> [webpack.Progress] 6% setup before compile angular-compiler
<s> [webpack.Progress] 6% setup before compile ProgressPlugin
<s> [webpack.Progress] 6% setup before compile
<s> [webpack.Progress] 7% setup compile
<s> [webpack.Progress] 7% setup compile ExternalsPlugin
<s> [webpack.Progress] 7% setup compile ExternalsPlugin
<s> [webpack.Progress] 7% setup compile
<s> [webpack.Progress] 8% setup compilation
<s> [webpack.Progress] 8% setup compilation angular-occurrences-plugin
<s> [webpack.Progress] 8% setup compilation LicenseWebpackPlugin
<s> [webpack.Progress] 8% setup compilation LicenseWebpackPlugin
<s> [webpack.Progress] 8% setup compilation angular-compiler
<s> [webpack.Progress] 8% setup compilation styles-webpack-plugin
<s> [webpack.Progress] 8% setup compilation mini-css-extract-plugin
<s> [webpack.Progress] 8% setup compilation unplugin-csf
<s> [webpack.Progress] 8% setup compilation storybook-normalize-angular-entry-plugin
<s> [webpack.Progress] 8% setup compilation ArrayPushCallbackChunkFormatPlugin
<s> [webpack.Progress] 8% setup compilation JsonpChunkLoadingPlugin
<s> [webpack.Progress] 8% setup compilation StartupChunkDependenciesPlugin
<s> [webpack.Progress] 8% setup compilation ImportScriptsChunkLoadingPlugin
<s> [webpack.Progress] 8% setup compilation FetchCompileWasmPlugin
<s> [webpack.Progress] 8% setup compilation FetchCompileAsyncWasmPlugin
<s> [webpack.Progress] 8% setup compilation WorkerPlugin
<s> [webpack.Progress] 8% setup compilation SplitChunksPlugin
<s> [webpack.Progress] 8% setup compilation RuntimeChunkPlugin
<s> [webpack.Progress] 8% setup compilation ResolverCachePlugin
<s> [webpack.Progress] 8% setup compilation HtmlWebpackPlugin
<s> [webpack.Progress] 8% setup compilation StorybookDesignTokenPlugin
<s> [webpack.Progress] 8% setup compilation
<s> [webpack.Progress] 9% setup compilation
<s> [webpack.Progress] 9% setup compilation named-chunks-plugin
<s> [webpack.Progress] 9% setup compilation DedupeModuleResolvePlugin
<s> [webpack.Progress] 9% setup compilation AnyComponentStyleBudgetChecker
<s> [webpack.Progress] 9% setup compilation mini-css-extract-plugin
<s> [webpack.Progress] 9% setup compilation SuppressExtractedTextChunks
<s> [webpack.Progress] 9% setup compilation DefinePlugin
<s> [webpack.Progress] 9% setup compilation ProvidePlugin
<s> [webpack.Progress] 9% setup compilation ProgressPlugin
<s> [webpack.Progress] 9% setup compilation ChunkPrefetchPreloadPlugin
<s> [webpack.Progress] 9% setup compilation SourceMapDevToolPlugin
<s> [webpack.Progress] 9% setup compilation JavascriptModulesPlugin
<s> [webpack.Progress] 9% setup compilation JsonModulesPlugin
<s> [webpack.Progress] 9% setup compilation AssetModulesPlugin
<s> [webpack.Progress] 9% setup compilation DynamicEntryPlugin
<s> [webpack.Progress] 9% setup compilation RuntimePlugin
<s> [webpack.Progress] 9% setup compilation InferAsyncModulesPlugin
<s> [webpack.Progress] 9% setup compilation DataUriPlugin
<s> [webpack.Progress] 9% setup compilation FileUriPlugin
<s> [webpack.Progress] 9% setup compilation CompatibilityPlugin
<s> [webpack.Progress] 9% setup compilation HarmonyModulesPlugin
<s> [webpack.Progress] 9% setup compilation AMDPlugin
<s> [webpack.Progress] 9% setup compilation RequireJsStuffPlugin
<s> [webpack.Progress] 9% setup compilation CommonJsPlugin
<s> [webpack.Progress] 9% setup compilation LoaderPlugin
<s> [webpack.Progress] 9% setup compilation LoaderPlugin
<s> [webpack.Progress] 9% setup compilation NodeStuffPlugin
<s> [webpack.Progress] 9% setup compilation APIPlugin
<s> [webpack.Progress] 9% setup compilation ExportsInfoApiPlugin
<s> [webpack.Progress] 9% setup compilation WebpackIsIncludedPlugin
<s> [webpack.Progress] 9% setup compilation ConstPlugin
<s> [webpack.Progress] 9% setup compilation UseStrictPlugin
<s> [webpack.Progress] 9% setup compilation RequireIncludePlugin
<s> [webpack.Progress] 9% setup compilation RequireEnsurePlugin
<s> [webpack.Progress] 9% setup compilation RequireContextPlugin
<s> [webpack.Progress] 9% setup compilation ImportPlugin
<s> [webpack.Progress] 9% setup compilation ImportMetaContextPlugin
<s> [webpack.Progress] 9% setup compilation SystemPlugin
<s> [webpack.Progress] 9% setup compilation ImportMetaPlugin
<s> [webpack.Progress] 9% setup compilation URLPlugin
<s> [webpack.Progress] 9% setup compilation DefaultStatsFactoryPlugin
<s> [webpack.Progress] 9% setup compilation DefaultStatsPresetPlugin
<s> [webpack.Progress] 9% setup compilation DefaultStatsPrinterPlugin
<s> [webpack.Progress] 9% setup compilation JavascriptMetaInfoPlugin
<s> [webpack.Progress] 9% setup compilation EnsureChunkConditionsPlugin
<s> [webpack.Progress] 9% setup compilation RemoveEmptyChunksPlugin
<s> [webpack.Progress] 9% setup compilation MergeDuplicateChunksPlugin
<s> [webpack.Progress] 9% setup compilation FlagIncludedChunksPlugin
<s> [webpack.Progress] 9% setup compilation SideEffectsFlagPlugin
<s> [webpack.Progress] 9% setup compilation FlagDependencyExportsPlugin
<s> [webpack.Progress] 9% setup compilation FlagDependencyUsagePlugin
<s> [webpack.Progress] 9% setup compilation InnerGraphPlugin
<s> [webpack.Progress] 9% setup compilation MangleExportsPlugin
<s> [webpack.Progress] 9% setup compilation ModuleConcatenationPlugin
<s> [webpack.Progress] 9% setup compilation NoEmitOnErrorsPlugin
<s> [webpack.Progress] 9% setup compilation RealContentHashPlugin
<s> [webpack.Progress] 9% setup compilation WasmFinalizeExportsPlugin
<s> [webpack.Progress] 9% setup compilation NamedModuleIdsPlugin
<s> [webpack.Progress] 9% setup compilation DeterministicChunkIdsPlugin
<s> [webpack.Progress] 9% setup compilation DefinePlugin
<s> [webpack.Progress] 9% setup compilation TerserPlugin
<s> [webpack.Progress] 9% setup compilation TemplatedPathPlugin
<s> [webpack.Progress] 9% setup compilation RecordIdsPlugin
<s> [webpack.Progress] 9% setup compilation WarnCaseSensitiveModulesPlugin
<s> [webpack.Progress] 9% setup compilation IgnoreWarningsPlugin
<s> [webpack.Progress] 9% setup compilation
<s> [webpack.Progress] 10% building
<s> [webpack.Progress] 10% building 0/1 entries 0/0 dependencies 0/0 modules
<s> [webpack.Progress] 10% building import loader ./node_modules/@angular-devkit/build-angular/src/tools/babel/webpack-loader.js
<s> [webpack.Progress] 10% building 0/5 entries 1/5 dependencies 0/1 modules
<s> [webpack.Progress] 10% building import loader ./node_modules/mini-css-extract-plugin/dist/loader.js
<s> [webpack.Progress] 10% building import loader ./node_modules/css-loader/dist/cjs.js
<s> [webpack.Progress] 10% building import loader ./node_modules/postcss-loader/dist/cjs.js
<s> [webpack.Progress] 10% building import loader ./node_modules/resolve-url-loader/index.js
<s> [webpack.Progress] 10% building import loader ./node_modules/sass-loader/dist/cjs.js
<s> [webpack.Progress] 10% building 0/5 entries 4/5 dependencies 0/4 modules
<s> [webpack.Progress] 10% building import loader ./node_modules/@ngtools/webpack/src/ivy/index.js
<s> [webpack.Progress] 10% building 0/5 entries 4/6 dependencies 0/4 modules
<s> [webpack.Progress] 10% building 0/5 entries 12/25 dependencies 4/12 modules
<s> [webpack.Progress] 21% building 1/5 entries 12/25 dependencies 4/12 modules
<s> [webpack.Progress] 32% building 2/5 entries 17/31 dependencies 6/17 modules
<s> [webpack.Progress] 31% building import loader ./node_modules/@storybook/builder-webpack5/dist/loaders/export-order-loader.js
<s> [webpack.Progress] 31% building import loader ./node_modules/@storybook/mdx2-csf/loader.js
<s> [webpack.Progress] 31% building 2/5 entries 26/37 dependencies 7/26 modules
<s> [webpack.Progress] 32% building import loader ./node_modules/babel-loader/lib/index.js
<s> [webpack.Progress] 32% building 2/5 entries 28/37 dependencies 7/28 modules
<s> [webpack.Progress] 32% building 2/5 entries 35/62 dependencies 7/34 modules
<s> [webpack.Progress] 32% building import loader ./node_modules/unplugin/dist/webpack/loaders/transform.js
<s> [webpack.Progress] 32% building 2/5 entries 36/62 dependencies 7/35 modules
<s> [webpack.Progress] 43% building 3/5 entries 100/123 dependencies 19/67 modules
<s> [webpack.Progress] 54% building 4/5 entries 100/123 dependencies 21/67 modules
<s> [webpack.Progress] 50% building 4/5 entries 200/275 dependencies 30/115 modules
<s> [webpack.Progress] 54% building 4/5 entries 400/467 dependencies 94/195 modules
<s> [webpack.Progress] 52% building 4/5 entries 1000/1285 dependencies 117/610 modules
<s> [webpack.Progress] 54% building 4/5 entries 1890/1900 dependencies 208/785 modules
<s> [webpack.Progress] 54% building 4/5 entries 2949/2961 dependencies 700/895 modules
<s> [webpack.Progress] 64% building 5/5 entries 3161/3161 dependencies 961/961 modules
<s> [webpack.Progress] 65% building
<s> [webpack.Progress] 69% building finish
<s> [webpack.Progress] 69% building finish
<s> [webpack.Progress] 70% sealing finish module graph
<s> [webpack.Progress] 70% sealing finish module graph angular-compiler
<s> [webpack.Progress] 70% sealing finish module graph ResolverCachePlugin
<s> [webpack.Progress] 70% sealing finish module graph InferAsyncModulesPlugin
<s> [webpack.Progress] 70% sealing finish module graph FlagDependencyExportsPlugin
<s> [webpack.Progress] 70% sealing finish module graph InnerGraphPlugin
<s> [webpack.Progress] 70% sealing finish module graph WasmFinalizeExportsPlugin
<s> [webpack.Progress] 70% sealing finish module graph
<s> [webpack.Progress] 70% sealing plugins
<s> [webpack.Progress] 70% sealing plugins WarnCaseSensitiveModulesPlugin
<s> [webpack.Progress] 70% sealing plugins
<s> [webpack.Progress] 71% sealing dependencies optimization
<s> [webpack.Progress] 71% sealing dependencies optimization SideEffectsFlagPlugin
<s> [webpack.Progress] 71% sealing dependencies optimization FlagDependencyUsagePlugin
<s> [webpack.Progress] 71% sealing dependencies optimization
<s> [webpack.Progress] 71% sealing after dependencies optimization
<s> [webpack.Progress] 71% sealing after dependencies optimization
<s> [webpack.Progress] 72% sealing chunk graph
<s> [webpack.Progress] 72% sealing chunk graph
<s> [webpack.Progress] 73% sealing after chunk graph
<s> [webpack.Progress] 73% sealing after chunk graph
<s> [webpack.Progress] 73% sealing optimizing
<s> [webpack.Progress] 73% sealing optimizing
<s> [webpack.Progress] 74% sealing module optimization
<s> [webpack.Progress] 74% sealing module optimization
<s> [webpack.Progress] 75% sealing after module optimization
<s> [webpack.Progress] 75% sealing after module optimization
<s> [webpack.Progress] 75% sealing chunk optimization
<s> [webpack.Progress] 75% sealing chunk optimization EnsureChunkConditionsPlugin
<s> [webpack.Progress] 75% sealing chunk optimization RemoveEmptyChunksPlugin
<s> [webpack.Progress] 75% sealing chunk optimization MergeDuplicateChunksPlugin
<s> [webpack.Progress] 75% sealing chunk optimization SplitChunksPlugin
<s> [webpack.Progress] 75% sealing chunk optimization RemoveEmptyChunksPlugin
<s> [webpack.Progress] 75% sealing chunk optimization
<s> [webpack.Progress] 76% sealing after chunk optimization
<s> [webpack.Progress] 76% sealing after chunk optimization
<s> [webpack.Progress] 77% sealing module and chunk tree optimization
<s> [webpack.Progress] 77% sealing module and chunk tree optimization PersistentChildCompilerSingletonPlugin
<s> [webpack.Progress] 77% sealing module and chunk tree optimization
<s> [webpack.Progress] 77% sealing after module and chunk tree optimization
<s> [webpack.Progress] 77% sealing after module and chunk tree optimization
<s> [webpack.Progress] 78% sealing chunk modules optimization
<s> [webpack.Progress] 78% sealing chunk modules optimization ModuleConcatenationPlugin
<s> [webpack.Progress] 78% sealing chunk modules optimization
<s> [webpack.Progress] 78% sealing after chunk modules optimization
<s> [webpack.Progress] 78% sealing after chunk modules optimization
<s> [webpack.Progress] 79% sealing module reviving
<s> [webpack.Progress] 79% sealing module reviving RecordIdsPlugin
<s> [webpack.Progress] 79% sealing module reviving
<s> [webpack.Progress] 80% sealing before module ids
<s> [webpack.Progress] 80% sealing before module ids
<s> [webpack.Progress] 80% sealing module ids
<s> [webpack.Progress] 80% sealing module ids NamedModuleIdsPlugin
<s> [webpack.Progress] 80% sealing module ids
<s> [webpack.Progress] 81% sealing module id optimization
<s> [webpack.Progress] 81% sealing module id optimization
<s> [webpack.Progress] 82% sealing module id optimization
<s> [webpack.Progress] 82% sealing module id optimization
<s> [webpack.Progress] 82% sealing chunk reviving
<s> [webpack.Progress] 82% sealing chunk reviving RecordIdsPlugin
<s> [webpack.Progress] 82% sealing chunk reviving
<s> [webpack.Progress] 83% sealing before chunk ids
<s> [webpack.Progress] 83% sealing before chunk ids
<s> [webpack.Progress] 84% sealing chunk ids
<s> [webpack.Progress] 84% sealing chunk ids DeterministicChunkIdsPlugin
<s> [webpack.Progress] 84% sealing chunk ids
<s> [webpack.Progress] 84% sealing chunk id optimization
<s> [webpack.Progress] 84% sealing chunk id optimization FlagIncludedChunksPlugin
<s> [webpack.Progress] 84% sealing chunk id optimization
<s> [webpack.Progress] 85% sealing after chunk id optimization
<s> [webpack.Progress] 85% sealing after chunk id optimization
<s> [webpack.Progress] 86% sealing record modules
<s> [webpack.Progress] 86% sealing record modules RecordIdsPlugin
<s> [webpack.Progress] 86% sealing record modules
<s> [webpack.Progress] 86% sealing record chunks
<s> [webpack.Progress] 86% sealing record chunks RecordIdsPlugin
<s> [webpack.Progress] 86% sealing record chunks
<s> [webpack.Progress] 87% sealing module hashing
<s> [webpack.Progress] 87% sealing module hashing
<s> [webpack.Progress] 87% sealing code generation
<s> [webpack.Progress] 87% sealing code generation
<s> [webpack.Progress] 88% sealing runtime requirements
<s> [webpack.Progress] 88% sealing runtime requirements
<s> [webpack.Progress] 89% sealing hashing
<s> [webpack.Progress] 89% sealing hashing
<s> [webpack.Progress] 89% sealing after hashing
<s> [webpack.Progress] 89% sealing after hashing
<s> [webpack.Progress] 90% sealing record hash
<s> [webpack.Progress] 90% sealing record hash
<s> [webpack.Progress] 91% sealing module assets processing
<s> [webpack.Progress] 91% sealing module assets processing
<s> [webpack.Progress] 91% sealing chunk assets processing
<s> [webpack.Progress] 91% sealing chunk assets processing
<s> [webpack.Progress] 92% sealing asset processing
<s> [webpack.Progress] 92% sealing asset processing PersistentChildCompilerSingletonPlugin
<s> [webpack.Progress] 92% sealing asset processing TerserPlugin
<s> [webpack.Progress] 92% sealing asset processing SourceMapDevToolPlugin
<s> [webpack.Progress] 92% sealing asset processing SourceMapDevToolPlugin
<s> [webpack.Progress] 92% sealing asset processing SourceMapDevToolPlugin main.68b041fbd51b825dc4e4.css generate SourceMap
<s> [webpack.Progress] 92% sealing asset processing SourceMapDevToolPlugin main.68b041fbd51b825dc4e4.css generated SourceMap
<s> [webpack.Progress] 92% sealing asset processing SourceMapDevToolPlugin main.6634418d.iframe.bundle.js generate SourceMap
<s> [webpack.Progress] 92% sealing asset processing SourceMapDevToolPlugin main.6634418d.iframe.bundle.js generated SourceMap
<s> [webpack.Progress] 92% sealing asset processing SourceMapDevToolPlugin runtime~main.e4190afc.iframe.bundle.js generate SourceMap
<s> [webpack.Progress] 92% sealing asset processing SourceMapDevToolPlugin runtime~main.e4190afc.iframe.bundle.js generated SourceMap
<s> [webpack.Progress] 92% sealing asset processing SourceMapDevToolPlugin rtds-welcome-component-stories.8e646219.iframe.bundle.js generate SourceMap
<s> [webpack.Progress] 92% sealing asset processing SourceMapDevToolPlugin rtds-welcome-component-stories.8e646219.iframe.bundle.js generated SourceMap
<s> [webpack.Progress] 92% sealing asset processing SourceMapDevToolPlugin src-lib-components-banner-banner-component-stories.7c60d93a.iframe.bundle.js generate SourceMap
<s> [webpack.Progress] 92% sealing asset processing SourceMapDevToolPlugin src-lib-components-banner-banner-component-stories.7c60d93a.iframe.bundle.js generated SourceMap
<s> [webpack.Progress] 92% sealing asset processing SourceMapDevToolPlugin src-lib-components-container-container-component-stories.e5108801.iframe.bundle.js generate SourceMap
<s> [webpack.Progress] 92% sealing asset processing SourceMapDevToolPlugin src-lib-components-container-container-component-stories.e5108801.iframe.bundle.js generated SourceMap
<s> [webpack.Progress] 92% sealing asset processing SourceMapDevToolPlugin src-lib-components-icon-icon-component-stories.473e6a5d.iframe.bundle.js generate SourceMap
<s> [webpack.Progress] 92% sealing asset processing SourceMapDevToolPlugin src-lib-components-icon-icon-component-stories.473e6a5d.iframe.bundle.js generated SourceMap
<s> [webpack.Progress] 92% sealing asset processing SourceMapDevToolPlugin src-lib-components-panel-components-content-panel-content-component-stories.1f01c6ec.iframe.bundle.js generate SourceMap
<s> [webpack.Progress] 92% sealing asset processing SourceMapDevToolPlugin src-lib-components-panel-components-content-panel-content-component-stories.1f01c6ec.iframe.bundle.js generated SourceMap
<s> [webpack.Progress] 92% sealing asset processing SourceMapDevToolPlugin src-lib-components-panel-components-footer-panel-footer-component-stories.96eab863.iframe.bundle.js generate SourceMap
<s> [webpack.Progress] 92% sealing asset processing SourceMapDevToolPlugin src-lib-components-panel-components-footer-panel-footer-component-stories.96eab863.iframe.bundle.js generated SourceMap
<s> [webpack.Progress] 92% sealing asset processing SourceMapDevToolPlugin src-lib-components-panel-components-group-panel-group-component-stories.852a7bfa.iframe.bundle.js generate SourceMap
<s> [webpack.Progress] 92% sealing asset processing SourceMapDevToolPlugin src-lib-components-panel-components-group-panel-group-component-stories.852a7bfa.iframe.bundle.js generated SourceMap
<s> [webpack.Progress] 92% sealing asset processing SourceMapDevToolPlugin src-lib-components-panel-components-header-panel-header-component-stories.c58d7ec0.iframe.bundle.js generate SourceMap
<s> [webpack.Progress] 92% sealing asset processing SourceMapDevToolPlugin src-lib-components-panel-components-header-panel-header-component-stories.c58d7ec0.iframe.bundle.js generated SourceMap
<s> [webpack.Progress] 92% sealing asset processing SourceMapDevToolPlugin src-lib-components-panel-components-supplementary-panel-supplementary-component-stories.96ca9d5c.iframe.bundle.js generate SourceMap
<s> [webpack.Progress] 92% sealing asset processing SourceMapDevToolPlugin src-lib-components-panel-components-supplementary-panel-supplementary-component-stories.96ca9d5c.iframe.bundle.js generated SourceMap
<s> [webpack.Progress] 92% sealing asset processing SourceMapDevToolPlugin src-lib-components-panel-panel-component-stories.1265d02e.iframe.bundle.js generate SourceMap
<s> [webpack.Progress] 92% sealing asset processing SourceMapDevToolPlugin src-lib-components-panel-panel-component-stories.1265d02e.iframe.bundle.js generated SourceMap
<s> [webpack.Progress] 92% sealing asset processing SourceMapDevToolPlugin icon-gallery-stories-mdx.3b7fb690.iframe.bundle.js generate SourceMap
<s> [webpack.Progress] 92% sealing asset processing SourceMapDevToolPlugin icon-gallery-stories-mdx.3b7fb690.iframe.bundle.js generated SourceMap
<s> [webpack.Progress] 92% sealing asset processing SourceMapDevToolPlugin palette-stories-mdx.44a4623d.iframe.bundle.js generate SourceMap
<s> [webpack.Progress] 92% sealing asset processing SourceMapDevToolPlugin palette-stories-mdx.44a4623d.iframe.bundle.js generated SourceMap
<s> [webpack.Progress] 92% sealing asset processing SourceMapDevToolPlugin shadows-stories-mdx.5f86fb36.iframe.bundle.js generate SourceMap
<s> [webpack.Progress] 92% sealing asset processing SourceMapDevToolPlugin shadows-stories-mdx.5f86fb36.iframe.bundle.js generated SourceMap
<s> [webpack.Progress] 92% sealing asset processing SourceMapDevToolPlugin typography-stories-mdx.e2a90216.iframe.bundle.js generate SourceMap
<s> [webpack.Progress] 92% sealing asset processing SourceMapDevToolPlugin typography-stories-mdx.e2a90216.iframe.bundle.js generated SourceMap
<s> [webpack.Progress] 92% sealing asset processing SourceMapDevToolPlugin 381.e69b8c58.iframe.bundle.js generate SourceMap
<s> [webpack.Progress] 92% sealing asset processing SourceMapDevToolPlugin 381.e69b8c58.iframe.bundle.js generated SourceMap
<s> [webpack.Progress] 92% sealing asset processing SourceMapDevToolPlugin 433.5daf8f8b.iframe.bundle.js generate SourceMap
<s> [webpack.Progress] 92% sealing asset processing SourceMapDevToolPlugin 433.5daf8f8b.iframe.bundle.js generated SourceMap
<s> [webpack.Progress] 92% sealing asset processing SourceMapDevToolPlugin 21.996a0928.iframe.bundle.js generate SourceMap
<s> [webpack.Progress] 92% sealing asset processing SourceMapDevToolPlugin 21.996a0928.iframe.bundle.js generated SourceMap
<s> [webpack.Progress] 92% sealing asset processing SourceMapDevToolPlugin 288.7b7b63dd.iframe.bundle.js generate SourceMap
<s> [webpack.Progress] 92% sealing asset processing SourceMapDevToolPlugin 288.7b7b63dd.iframe.bundle.js generated SourceMap
<s> [webpack.Progress] 92% sealing asset processing SourceMapDevToolPlugin 841.c6e1c6e3.iframe.bundle.js generate SourceMap
<s> [webpack.Progress] 92% sealing asset processing SourceMapDevToolPlugin 841.c6e1c6e3.iframe.bundle.js generated SourceMap
<s> [webpack.Progress] 92% sealing asset processing SourceMapDevToolPlugin 40.3eab68dd.iframe.bundle.js generate SourceMap
<s> [webpack.Progress] 92% sealing asset processing SourceMapDevToolPlugin 40.3eab68dd.iframe.bundle.js generated SourceMap
<s> [webpack.Progress] 92% sealing asset processing SourceMapDevToolPlugin 357.5acb7f39.iframe.bundle.js generate SourceMap
<s> [webpack.Progress] 92% sealing asset processing SourceMapDevToolPlugin 357.5acb7f39.iframe.bundle.js generated SourceMap
<s> [webpack.Progress] 92% sealing asset processing SourceMapDevToolPlugin 583.9eea9670.iframe.bundle.js generate SourceMap
<s> [webpack.Progress] 92% sealing asset processing SourceMapDevToolPlugin 583.9eea9670.iframe.bundle.js generated SourceMap
<s> [webpack.Progress] 92% sealing asset processing SourceMapDevToolPlugin 923.6b4e33b9.iframe.bundle.js generate SourceMap
<s> [webpack.Progress] 92% sealing asset processing SourceMapDevToolPlugin 923.6b4e33b9.iframe.bundle.js generated SourceMap
<s> [webpack.Progress] 92% sealing asset processing SourceMapDevToolPlugin 437.8739df3a.iframe.bundle.js generate SourceMap
<s> [webpack.Progress] 92% sealing asset processing SourceMapDevToolPlugin 437.8739df3a.iframe.bundle.js generated SourceMap
<s> [webpack.Progress] 92% sealing asset processing SourceMapDevToolPlugin 768.01d9bb59.iframe.bundle.js generate SourceMap
<s> [webpack.Progress] 92% sealing asset processing SourceMapDevToolPlugin 768.01d9bb59.iframe.bundle.js generated SourceMap
<s> [webpack.Progress] 92% sealing asset processing SourceMapDevToolPlugin 796.cff0bb18.iframe.bundle.js generate SourceMap
<s> [webpack.Progress] 92% sealing asset processing SourceMapDevToolPlugin 796.cff0bb18.iframe.bundle.js generated SourceMap
<s> [webpack.Progress] 92% sealing asset processing SourceMapDevToolPlugin 510.4e0799ae.iframe.bundle.js generate SourceMap
<s> [webpack.Progress] 92% sealing asset processing SourceMapDevToolPlugin 510.4e0799ae.iframe.bundle.js generated SourceMap
<s> [webpack.Progress] 92% sealing asset processing SourceMapDevToolPlugin resolve sources
<s> [webpack.Progress] 92% sealing asset processing SourceMapDevToolPlugin 841.c6e1c6e3.iframe.bundle.js attach SourceMap
<s> [webpack.Progress] 92% sealing asset processing SourceMapDevToolPlugin 841.c6e1c6e3.iframe.bundle.js attached SourceMap
<s> [webpack.Progress] 92% sealing asset processing SourceMapDevToolPlugin 923.6b4e33b9.iframe.bundle.js attach SourceMap
<s> [webpack.Progress] 92% sealing asset processing SourceMapDevToolPlugin 923.6b4e33b9.iframe.bundle.js attached SourceMap
<s> [webpack.Progress] 92% sealing asset processing SourceMapDevToolPlugin 437.8739df3a.iframe.bundle.js attach SourceMap
<s> [webpack.Progress] 92% sealing asset processing SourceMapDevToolPlugin 437.8739df3a.iframe.bundle.js attached SourceMap
<s> [webpack.Progress] 92% sealing asset processing SourceMapDevToolPlugin 768.01d9bb59.iframe.bundle.js attach SourceMap
<s> [webpack.Progress] 92% sealing asset processing SourceMapDevToolPlugin 768.01d9bb59.iframe.bundle.js attached SourceMap
<s> [webpack.Progress] 92% sealing asset processing SourceMapDevToolPlugin
<s> [webpack.Progress] 92% sealing asset processing SourceMapDevToolPlugin
<s> [webpack.Progress] 92% sealing asset processing SourceMapDevToolPlugin resolve sources
<s> [webpack.Progress] 92% sealing asset processing SourceMapDevToolPlugin
<s> [webpack.Progress] 92% sealing asset processing HtmlWebpackPlugin
<s> [webpack.Progress] 92% sealing asset processing HtmlWebpackPlugin
<s> [webpack.Progress] 92% sealing asset processing HtmlWebpackPlugin resolve sources
<s> [webpack.Progress] 92% sealing asset processing HtmlWebpackPlugin
<s> [webpack.Progress] 92% sealing asset processing HtmlWebpackPlugin
<s> [webpack.Progress] 92% sealing asset processing HtmlWebpackPlugin
<s> [webpack.Progress] 92% sealing asset processing HtmlWebpackPlugin resolve sources
<s> [webpack.Progress] 92% sealing asset processing HtmlWebpackPlugin
<s> [webpack.Progress] 92% sealing asset processing RealContentHashPlugin
<s> [webpack.Progress] 92% sealing asset processing RealContentHashPlugin
<s> [webpack.Progress] 92% sealing asset processing RealContentHashPlugin main.30201ce726fa70cd21b0.css generate SourceMap
<s> [webpack.Progress] 92% sealing asset processing RealContentHashPlugin main.30201ce726fa70cd21b0.css generated SourceMap
<s> [webpack.Progress] 92% sealing asset processing RealContentHashPlugin main.626262d5.iframe.bundle.js generate SourceMap
<s> [webpack.Progress] 92% sealing asset processing RealContentHashPlugin main.626262d5.iframe.bundle.js generated SourceMap
<s> [webpack.Progress] 92% sealing asset processing RealContentHashPlugin runtime~main.4c97ce13.iframe.bundle.js generate SourceMap
<s> [webpack.Progress] 92% sealing asset processing RealContentHashPlugin runtime~main.4c97ce13.iframe.bundle.js generated SourceMap
<s> [webpack.Progress] 92% sealing asset processing RealContentHashPlugin rtds-welcome-component-stories.ca125af7.iframe.bundle.js generate SourceMap
<s> [webpack.Progress] 92% sealing asset processing RealContentHashPlugin rtds-welcome-component-stories.ca125af7.iframe.bundle.js generated SourceMap
<s> [webpack.Progress] 92% sealing asset processing RealContentHashPlugin src-lib-components-banner-banner-component-stories.7565b9b6.iframe.bundle.js generate SourceMap
<s> [webpack.Progress] 92% sealing asset processing RealContentHashPlugin src-lib-components-banner-banner-component-stories.7565b9b6.iframe.bundle.js generated SourceMap
<s> [webpack.Progress] 92% sealing asset processing RealContentHashPlugin src-lib-components-container-container-component-stories.63511712.iframe.bundle.js generate SourceMap
<s> [webpack.Progress] 92% sealing asset processing RealContentHashPlugin src-lib-components-container-container-component-stories.63511712.iframe.bundle.js generated SourceMap
<s> [webpack.Progress] 92% sealing asset processing RealContentHashPlugin src-lib-components-icon-icon-component-stories.8dba0e16.iframe.bundle.js generate SourceMap
<s> [webpack.Progress] 92% sealing asset processing RealContentHashPlugin src-lib-components-icon-icon-component-stories.8dba0e16.iframe.bundle.js generated SourceMap
<s> [webpack.Progress] 92% sealing asset processing RealContentHashPlugin src-lib-components-panel-components-content-panel-content-component-stories.3b505e87.iframe.bundle.js generate SourceMap
<s> [webpack.Progress] 92% sealing asset processing RealContentHashPlugin src-lib-components-panel-components-content-panel-content-component-stories.3b505e87.iframe.bundle.js generated SourceMap
<s> [webpack.Progress] 92% sealing asset processing RealContentHashPlugin src-lib-components-panel-components-footer-panel-footer-component-stories.027d638b.iframe.bundle.js generate SourceMap
<s> [webpack.Progress] 92% sealing asset processing RealContentHashPlugin src-lib-components-panel-components-footer-panel-footer-component-stories.027d638b.iframe.bundle.js generated SourceMap
<s> [webpack.Progress] 92% sealing asset processing RealContentHashPlugin src-lib-components-panel-components-group-panel-group-component-stories.9d73f446.iframe.bundle.js generate SourceMap
<s> [webpack.Progress] 92% sealing asset processing RealContentHashPlugin src-lib-components-panel-components-group-panel-group-component-stories.9d73f446.iframe.bundle.js generated SourceMap
<s> [webpack.Progress] 92% sealing asset processing RealContentHashPlugin src-lib-components-panel-components-header-panel-header-component-stories.166fa314.iframe.bundle.js generate SourceMap
<s> [webpack.Progress] 92% sealing asset processing RealContentHashPlugin src-lib-components-panel-components-header-panel-header-component-stories.166fa314.iframe.bundle.js generated SourceMap
<s> [webpack.Progress] 92% sealing asset processing RealContentHashPlugin src-lib-components-panel-components-supplementary-panel-supplementary-component-stories.ccd8b285.iframe.bundle.js generate SourceMap
<s> [webpack.Progress] 92% sealing asset processing RealContentHashPlugin src-lib-components-panel-components-supplementary-panel-supplementary-component-stories.ccd8b285.iframe.bundle.js generated SourceMap
<s> [webpack.Progress] 92% sealing asset processing RealContentHashPlugin src-lib-components-panel-panel-component-stories.8634afee.iframe.bundle.js generate SourceMap
<s> [webpack.Progress] 92% sealing asset processing RealContentHashPlugin src-lib-components-panel-panel-component-stories.8634afee.iframe.bundle.js generated SourceMap
<s> [webpack.Progress] 92% sealing asset processing RealContentHashPlugin palette-stories-mdx.9853672d.iframe.bundle.js generate SourceMap
<s> [webpack.Progress] 92% sealing asset processing RealContentHashPlugin palette-stories-mdx.9853672d.iframe.bundle.js generated SourceMap
<s> [webpack.Progress] 92% sealing asset processing RealContentHashPlugin shadows-stories-mdx.67d35c94.iframe.bundle.js generate SourceMap
<s> [webpack.Progress] 92% sealing asset processing RealContentHashPlugin shadows-stories-mdx.67d35c94.iframe.bundle.js generated SourceMap
<s> [webpack.Progress] 92% sealing asset processing RealContentHashPlugin 381.eba35707.iframe.bundle.js generate SourceMap
<s> [webpack.Progress] 92% sealing asset processing RealContentHashPlugin 381.eba35707.iframe.bundle.js generated SourceMap
<s> [webpack.Progress] 92% sealing asset processing RealContentHashPlugin 21.edcf2816.iframe.bundle.js generate SourceMap
<s> [webpack.Progress] 92% sealing asset processing RealContentHashPlugin 21.edcf2816.iframe.bundle.js generated SourceMap
<s> [webpack.Progress] 92% sealing asset processing RealContentHashPlugin 288.d7aeda20.iframe.bundle.js generate SourceMap
<s> [webpack.Progress] 92% sealing asset processing RealContentHashPlugin 288.d7aeda20.iframe.bundle.js generated SourceMap
<s> [webpack.Progress] 92% sealing asset processing RealContentHashPlugin 40.371f70c9.iframe.bundle.js generate SourceMap
<s> [webpack.Progress] 92% sealing asset processing RealContentHashPlugin 40.371f70c9.iframe.bundle.js generated SourceMap
<s> [webpack.Progress] 92% sealing asset processing RealContentHashPlugin 357.40b509f6.iframe.bundle.js generate SourceMap
<s> [webpack.Progress] 92% sealing asset processing RealContentHashPlugin 357.40b509f6.iframe.bundle.js generated SourceMap
<s> [webpack.Progress] 92% sealing asset processing RealContentHashPlugin 796.f4319cdb.iframe.bundle.js generate SourceMap
<s> [webpack.Progress] 92% sealing asset processing RealContentHashPlugin 796.f4319cdb.iframe.bundle.js generated SourceMap
<s> [webpack.Progress] 92% sealing asset processing RealContentHashPlugin 510.ed7f416d.iframe.bundle.js generate SourceMap
<s> [webpack.Progress] 92% sealing asset processing RealContentHashPlugin 510.ed7f416d.iframe.bundle.js generated SourceMap
<s> [webpack.Progress] 92% sealing asset processing RealContentHashPlugin icon-gallery-stories-mdx.a2b8b061.iframe.bundle.js generate SourceMap
<s> [webpack.Progress] 92% sealing asset processing RealContentHashPlugin icon-gallery-stories-mdx.a2b8b061.iframe.bundle.js generated SourceMap
<s> [webpack.Progress] 92% sealing asset processing RealContentHashPlugin typography-stories-mdx.1b099e60.iframe.bundle.js generate SourceMap
<s> [webpack.Progress] 92% sealing asset processing RealContentHashPlugin typography-stories-mdx.1b099e60.iframe.bundle.js generated SourceMap
<s> [webpack.Progress] 92% sealing asset processing RealContentHashPlugin 433.18b50dad.iframe.bundle.js generate SourceMap
<s> [webpack.Progress] 92% sealing asset processing RealContentHashPlugin 433.18b50dad.iframe.bundle.js generated SourceMap
<s> [webpack.Progress] 92% sealing asset processing RealContentHashPlugin 583.333bc70e.iframe.bundle.js generate SourceMap
<s> [webpack.Progress] 92% sealing asset processing RealContentHashPlugin 583.333bc70e.iframe.bundle.js generated SourceMap
<s> [webpack.Progress] 92% sealing asset processing RealContentHashPlugin resolve sources
<s> [webpack.Progress] 92% sealing asset processing RealContentHashPlugin
<s> [webpack.Progress] 92% sealing asset processing angular-occurrences-plugin
<s> [webpack.Progress] 92% sealing asset processing AnyComponentStyleBudgetChecker
<s> [webpack.Progress] 92% sealing asset processing LicenseWebpackPlugin
<s> [webpack.Progress] 92% sealing asset processing LicenseWebpackPlugin
<s> [webpack.Progress] 92% sealing asset processing LicenseWebpackPlugin
<s> [webpack.Progress] 92% sealing asset processing LicenseWebpackPlugin resolve sources
<s> [webpack.Progress] 92% sealing asset processing LicenseWebpackPlugin
<s> [webpack.Progress] 92% sealing asset processing
<s> [webpack.Progress] 93% sealing after asset optimization
<s> [webpack.Progress] 93% sealing after asset optimization
<s> [webpack.Progress] 93% sealing recording
<s> [webpack.Progress] 93% sealing recording
<s> [webpack.Progress] 94% sealing after seal
<s> [webpack.Progress] 94% sealing after seal
<s> [webpack.Progress] 95% emitting emit
<s> [webpack.Progress] 95% emitting emit StorybookDesignTokenPlugin
<s> [webpack.Progress] 95% emitting emit
<s> [webpack.Progress] 98% emitting after emit
<s> [webpack.Progress] 98% emitting after emit SizeLimitsPlugin
<s> [webpack.Progress] 98% emitting after emit
<s> [webpack.Progress] 99% done plugins
<s> [webpack.Progress] 99% done plugins CaseSensitivePathsPlugin
<s> [webpack.Progress] 99% done plugins
<s> [webpack.Progress] 99% 
<s> [webpack.Progress] 99% cache store build dependencies
<s> [webpack.Progress] 99% cache store build dependencies
<s> [webpack.Progress] 99% cache begin idle
<s> [webpack.Progress] 99% cache begin idle
<s> [webpack.Progress] 100% 
WARN /Users/Ryan.Bendel/WebstormProjects/retailer-tools-design-system/apps/storybook-app/src/app/app.component.ts is part of the TypeScript compilation but it's unused.
WARN Add only entry points to the 'files' or 'include' properties in your tsconfig.
WARN /Users/Ryan.Bendel/WebstormProjects/retailer-tools-design-system/apps/storybook-app/src/app/app.module.ts is part of the TypeScript compilation but it's unused.
WARN Add only entry points to the 'files' or 'include' properties in your tsconfig.
WARN /Users/Ryan.Bendel/WebstormProjects/retailer-tools-design-system/apps/storybook-app/src/environments/environment.prod.ts is part of the TypeScript compilation but it's unused.
WARN Add only entry points to the 'files' or 'include' properties in your tsconfig.
WARN /Users/Ryan.Bendel/WebstormProjects/retailer-tools-design-system/apps/storybook-app/src/environments/environment.ts is part of the TypeScript compilation but it's unused.
WARN Add only entry points to the 'files' or 'include' properties in your tsconfig.
WARN /Users/Ryan.Bendel/WebstormProjects/retailer-tools-design-system/apps/storybook-app/src/main.ts is part of the TypeScript compilation but it's unused.
WARN Add only entry points to the 'files' or 'include' properties in your tsconfig.
WARN /Users/Ryan.Bendel/WebstormProjects/retailer-tools-design-system/apps/storybook-app/src/test.ts is part of the TypeScript compilation but it's unused.
WARN Add only entry points to the 'files' or 'include' properties in your tsconfig.
WARN /Users/Ryan.Bendel/WebstormProjects/retailer-tools-design-system/libs/angular/cypress/support/commands.ts is part of the TypeScript compilation but it's unused.
WARN Add only entry points to the 'files' or 'include' properties in your tsconfig.
WARN /Users/Ryan.Bendel/WebstormProjects/retailer-tools-design-system/libs/angular/cypress/support/component.ts is part of the TypeScript compilation but it's unused.
WARN Add only entry points to the 'files' or 'include' properties in your tsconfig.
WARN /Users/Ryan.Bendel/WebstormProjects/retailer-tools-design-system/libs/angular/src/index.ts is part of the TypeScript compilation but it's unused.
WARN Add only entry points to the 'files' or 'include' properties in your tsconfig.
WARN /Users/Ryan.Bendel/WebstormProjects/retailer-tools-design-system/libs/angular/src/lib/components/icon/index.ts is part of the TypeScript compilation but it's unused.
WARN Add only entry points to the 'files' or 'include' properties in your tsconfig.
WARN /Users/Ryan.Bendel/WebstormProjects/retailer-tools-design-system/libs/angular/src/lib/components/index.ts is part of the TypeScript compilation but it's unused.
WARN Add only entry points to the 'files' or 'include' properties in your tsconfig.
WARN asset size limit: The following asset(s) exceed the recommended size limit (244 KiB).
WARN This can impact web performance.
WARN Assets: 
WARN   design-tokens.source.json (498 KiB)
WARN   433.18b50dad.iframe.bundle.js (791 KiB)
WARN   841.a44f707c.iframe.bundle.js (583 KiB)
WARN   923.3b5f40f7.iframe.bundle.js (817 KiB)
WARN   768.18d64e01.iframe.bundle.js (2.39 MiB)
WARN entrypoint size limit: The following entrypoint(s) combined asset size exceeds the recommended limit (244 KiB). This can impact web performance.
WARN Entrypoints:
WARN   main (2.64 MiB)
WARN       runtime~main.4c97ce13.iframe.bundle.js
WARN       768.18d64e01.iframe.bundle.js
WARN       main.30201ce726fa70cd21b0.css
WARN       main.626262d5.iframe.bundle.js
WARN 
<s> [webpack.Progress] 99% cache shutdown
<s> [webpack.Progress] 99% cache shutdown
<s> [webpack.Progress] 100% 
info => Preview built (30 s)
info => Output directory: /var/folders/xt/r3wj39x14w30wkszgmmw1nkc0000gq/T/chromatic--44801-f8Ut3MSNaeXy
 
 [32m>[39m [0m[7m[1m[32m NX [39m[22m[27m[0m  [32mSuccessfully ran target storybook-build for project storybook-app[39m

 

 >  NX   Successfully ran target build-storybook for project storybook-app


